2023-12-14T18:38:40.138Z - GET /undefined - Status: 400
Response: {"_original":"undefined","details":[{"message":"\"value\" length must be 24 characters long","path":[],"type":"string.length","context":{"limit":24,"value":"undefined","label":"value"}}]}
2023-12-14T18:38:49.192Z - GET /undefined - Status: 400
Response: {"_original":"undefined","details":[{"message":"\"value\" length must be 24 characters long","path":[],"type":"string.length","context":{"limit":24,"value":"undefined","label":"value"}}]}
2023-12-14T18:39:13.641Z - GET /undefined - Status: 400
Response: {"_original":"undefined","details":[{"message":"\"value\" length must be 24 characters long","path":[],"type":"string.length","context":{"limit":24,"value":"undefined","label":"value"}}]}
2023-12-14T18:42:57.957Z - GET /undefined - Status: 400
Response: {"_original":"undefined","details":[{"message":"\"value\" length must be 24 characters long","path":[],"type":"string.length","context":{"limit":24,"value":"undefined","label":"value"}}]}
2023-12-14T18:42:59.938Z - GET /undefined - Status: 400
Response: {"_original":"undefined","details":[{"message":"\"value\" length must be 24 characters long","path":[],"type":"string.length","context":{"limit":24,"value":"undefined","label":"value"}}]}
2023-12-14T18:50:38.515Z - GET /undefined - Status: 400
Response: {"_original":"undefined","details":[{"message":"\"value\" length must be 24 characters long","path":[],"type":"string.length","context":{"limit":24,"value":"undefined","label":"value"}}]}
2023-12-14T19:10:06.807Z - GET /[object%20Object] - Status: 400
Response: {"_original":"[object Object]","details":[{"message":"\"value\" length must be 24 characters long","path":[],"type":"string.length","context":{"limit":24,"value":"[object Object]","label":"value"}}]}
2023-12-14T19:27:55.459Z - GET /[object%20Object] - Status: 400
Response: {"_original":"[object Object]","details":[{"message":"\"value\" length must be 24 characters long","path":[],"type":"string.length","context":{"limit":24,"value":"[object Object]","label":"value"}}]}
2023-12-16T17:49:23.706Z - PUT /trade/657b3d5d44ffd51b5962ba10 - Status: 500
Response: {"error":"Internal Server Error"}
2023-12-16T17:49:31.514Z - PUT /trade/657b3d5d44ffd51b5962ba10 - Status: 500
Response: {"error":"Internal Server Error"}
2023-12-16T17:49:47.429Z - PUT /trade/657b3d5d44ffd51b5962ba10 - Status: 500
Response: {"error":"Internal Server Error"}
2023-12-16T17:55:32.441Z - PUT /trade/657b3d5d44ffd51b5962ba10 - Status: 500
Response: {"error":"Internal Server Error"}
