2023-08-20T12:41:08.356Z - POST / - Status: 404
Response: "\"name\" is required"
2023-08-20T12:42:02.651Z - POST / - Status: 404
Response: "\"name\" is required"
2023-08-20T12:43:43.368Z - POST / - Status: 404
Response: "\"address\" is required"
2023-08-20T12:45:09.047Z - POST / - Status: 404
Response: "\"address\" is required"
2023-08-20T12:45:33.569Z - POST / - Status: 404
Response: "\"address.state\" is not allowed to be empty"
2023-08-20T12:45:45.948Z - POST / - Status: 404
Response: "\"address.zipCode\" is not allowed"
2023-08-20T12:46:18.300Z - POST / - Status: 404
Response: "\"address.zipCode\" is not allowed"
2023-08-20T12:48:46.332Z - POST / - Status: 404
Response: "\"phone\" with value \"1231231231\" fails to match the required pattern: /0[0-9]{1,2}\\-?\\s?[0-9]{3}\\s?[0-9]{4}/"
2023-08-20T12:48:54.978Z - POST / - Status: 404
Response: "\"isBusiness\" is required"
2023-08-20T12:50:03.344Z - POST / - Status: 404
Response: "E11000 duplicate key error collection: cryptoPlay.users index: email_1 dup key: { email: \"ben@gmail.com\" }"
2023-08-20T12:52:22.969Z - POST / - Status: 404
Response: "\"address.state\" is not allowed to be empty"
