2023-11-30T16:28:46.240Z - GET /user/info/ - Status: 401
Response: {"msg":"invalid token"}
2023-11-30T16:29:18.837Z - GET /user/info/ - Status: 401
Response: {"msg":"invalid token"}
2023-11-30T16:30:26.326Z - GET /user/info/ - Status: 401
Response: {"msg":"invalid token"}
2023-11-30T16:31:59.733Z - GET /user/info/ - Status: 401
Response: {"msg":"invalid token"}
2023-11-30T16:33:55.699Z - GET /6568b1fd8c8ee2eb19c97866 - Status: 401
Response: {"msg":"invalid token"}
2023-11-30T16:33:59.447Z - GET /6568b1fd8c8ee2eb19c97866 - Status: 401
Response: {"msg":"invalid token"}
2023-11-30T16:34:02.797Z - GET /null - Status: 401
Response: {"msg":"invalid token"}
2023-11-30T16:35:14.267Z - GET /api/cards/get-my-fav-coins - Status: 404
Response: {"err":"page not found"}
2023-11-30T16:35:19.105Z - GET /api/cards/get-my-fav-coins - Status: 404
Response: {"err":"page not found"}
2023-11-30T16:35:45.323Z - GET /6568b1fd8c8ee2eb19c97866 - Status: 401
Response: {"msg":"invalid token"}
2023-11-30T16:35:50.083Z - GET /null - Status: 401
Response: {"msg":"invalid token"}
2023-11-30T16:45:46.242Z - GET /null - Status: 401
Response: {"msg":"invalid token"}
2023-11-30T16:46:03.266Z - GET /6568b1fd8c8ee2eb19c97866 - Status: 401
Response: {"msg":"invalid token"}
2023-11-30T16:46:12.803Z - GET /6568b1fd8c8ee2eb19c97866 - Status: 401
Response: {"msg":"invalid token"}
2023-11-30T16:46:14.211Z - GET /null - Status: 401
Response: {"msg":"invalid token"}
2023-11-30T16:56:17.677Z - GET /user/info/ - Status: 401
Response: {"msg":"invalid token"}
2023-11-30T16:56:22.385Z - GET /user/info/ - Status: 401
Response: {"msg":"invalid token"}
2023-12-03T15:59:58.273Z - GET /api/cards/get-my-fav-coins - Status: 404
Response: {"err":"page not found"}
2023-12-04T18:52:35.257Z - GET /api/cards/get-my-fav-coins - Status: 404
Response: {"err":"page not found"}
2023-12-04T18:55:05.075Z - GET /api/cards/get-my-fav-coins - Status: 404
Response: {"err":"page not found"}
